c:\users\joosep jääger\documents\fractalvr\openvr\samples\hellovr_opengl\debug\vc141.pdb
c:\users\joosep jääger\documents\fractalvr\openvr\samples\hellovr_opengl\debug\vc141.idb
c:\users\joosep jääger\documents\fractalvr\openvr\samples\hellovr_opengl\debug\lodepng.obj
c:\users\joosep jääger\documents\fractalvr\openvr\samples\hellovr_opengl\debug\matrices.obj
c:\users\joosep jääger\documents\fractalvr\openvr\samples\hellovr_opengl\debug\pathtools.obj
c:\users\joosep jääger\documents\fractalvr\openvr\samples\hellovr_opengl\debug\strtools.obj
c:\users\joosep jääger\documents\fractalvr\openvr\samples\hellovr_opengl\debug\hellovr_opengl_main.obj
c:\users\joosep jääger\desktop\project\hellovr_opengl\debug\vc141.pdb
c:\users\joosep jääger\desktop\project\hellovr_opengl\debug\vc141.idb
c:\users\joosep jääger\desktop\project\hellovr_opengl\debug\lodepng.obj
c:\users\joosep jääger\desktop\project\hellovr_opengl\debug\matrices.obj
c:\users\joosep jääger\desktop\project\hellovr_opengl\debug\pathtools.obj
c:\users\joosep jääger\desktop\project\hellovr_opengl\debug\strtools.obj
c:\users\joosep jääger\desktop\project\hellovr_opengl\debug\hellovr_opengl_main.obj
c:\users\joosep jääger\documents\fractalvr\openvr\samples\bin\win32\hellovr_opengl.ilk
c:\users\joosep jääger\documents\fractalvr\openvr\samples\bin\win32\hellovr_opengl.exe
c:\users\joosep jääger\documents\fractalvr\openvr\samples\bin\win32\hellovr_opengl.pdb
c:\users\joosep jääger\desktop\project\hellovr_opengl\debug\hellovr_opengl.tlog\cl.command.1.tlog
c:\users\joosep jääger\desktop\project\hellovr_opengl\debug\hellovr_opengl.tlog\cl.read.1.tlog
c:\users\joosep jääger\desktop\project\hellovr_opengl\debug\hellovr_opengl.tlog\cl.write.1.tlog
c:\users\joosep jääger\desktop\project\hellovr_opengl\debug\hellovr_opengl.tlog\link.10212.read.1.tlog
c:\users\joosep jääger\desktop\project\hellovr_opengl\debug\hellovr_opengl.tlog\link.10212.write.1.tlog
c:\users\joosep jääger\desktop\project\hellovr_opengl\debug\hellovr_opengl.tlog\link.command.1.tlog
c:\users\joosep jääger\desktop\project\hellovr_opengl\debug\hellovr_opengl.tlog\link.read.1.tlog
c:\users\joosep jääger\desktop\project\hellovr_opengl\debug\hellovr_opengl.tlog\link.write.1.tlog
